<?xml version="1.0" encoding="utf-8"?>
<TestRun id="4746e17d-42dc-4c49-8c93-9cec39a10384" name="C:\Users\DemoUser\PowerBI_Projects\datasets\Model_F\Model_F.SemanticModel\definition" runUser="COMPANY" xmlns="http://microsoft.com/schemas/VisualStudio/TeamTest/2010">
  <Times creation="2025-11-11T10:08:58.9350835+00:00" queuing="2025-11-11T10:08:58.9350835+00:00" start="2025-11-11T10:09:05.0433220+00:00" finish="2025-11-11T10:09:07.0257997+00:00" />
  <ResultSummary outcome="Failed">
    <Counters total="59" executed="59" passed="34" failed="25" inconclusive="0" notExecuted="0" />
  </ResultSummary>
  <TestDefinitions>
    <UnitTest name="[Error Prevention] Expression-reliant objects must have an expression" id="2">
      <Properties>
        <Property>
          <Key>Description</Key>
          <Value>Calculated columns, calculation items and measures must have an expression. Without an expression, these objects will not show any values.</Value>
        </Property>
        <Property>
          <Key>Severity</Key>
          <Value>1</Value>
        </Property>
        <Property>
          <Key>Category</Key>
          <Value>Error Prevention</Value>
        </Property>
        <Property>
          <Key>RuleID</Key>
          <Value>EXPRESSION_RELIANT_OBJECTS_MUST_HAVE_AN_EXPRESSION</Value>
        </Property>
      </Properties>
    </UnitTest>
    <UnitTest name="[DAX Expressions] Avoid using '1-(x/y)' syntax" id="3">
      <Properties>
        <Property>
          <Key>Description</Key>
          <Value>Instead of using the '1-(x/y)' or '1+(x/y)' syntax to achieve a percentage calculation, use the basic DAX functions (as shown below). Using the improved syntax will generally improve the performance. The '1+/-...' syntax always returns a value whereas the solution without the '1+/-...' does not (as the value may be 'blank'). Therefore the '1+/-...' syntax may return more rows/columns which may result in a slower query speed.

Let's clarify with an example:

Avoid this: 1 - SUM ( 'Sales'[CostAmount] ) / SUM( 'Sales'[SalesAmount] )
Better: DIVIDE ( SUM ( 'Sales'[SalesAmount] ) - SUM ( 'Sales'[CostAmount] ), SUM ( 'Sales'[SalesAmount] ) )
Best: VAR x = SUM ( 'Sales'[SalesAmount] ) RETURN DIVIDE ( x - SUM ( 'Sales'[CostAmount] ), x )</Value>
        </Property>
        <Property>
          <Key>Severity</Key>
          <Value>1</Value>
        </Property>
        <Property>
          <Key>Category</Key>
          <Value>DAX Expressions</Value>
        </Property>
        <Property>
          <Key>RuleID</Key>
          <Value>AVOID_USING_1_MINUS_X_DIV_Y_SYNTAX_MEASURE</Value>
        </Property>
      </Properties>
    </UnitTest>
    <UnitTest name="[DAX Expressions] Avoid using '1-(x/y)' syntax" id="4">
      <Properties>
        <Property>
          <Key>Description</Key>
          <Value>Instead of using the '1-(x/y)' or '1+(x/y)' syntax to achieve a percentage calculation, use the basic DAX functions (as shown below). Using the improved syntax will generally improve the performance. The '1+/-...' syntax always returns a value whereas the solution without the '1+/-...' does not (as the value may be 'blank'). Therefore the '1+/-...' syntax may return more rows/columns which may result in a slower query speed.

Let's clarify with an example:

Avoid this: 1 - SUM ( 'Sales'[CostAmount] ) / SUM( 'Sales'[SalesAmount] )
Better: DIVIDE ( SUM ( 'Sales'[SalesAmount] ) - SUM ( 'Sales'[CostAmount] ), SUM ( 'Sales'[SalesAmount] ) )
Best: VAR x = SUM ( 'Sales'[SalesAmount] ) RETURN DIVIDE ( x - SUM ( 'Sales'[CostAmount] ), x )</Value>
        </Property>
        <Property>
          <Key>Severity</Key>
          <Value>1</Value>
        </Property>
        <Property>
          <Key>Category</Key>
          <Value>DAX Expressions</Value>
        </Property>
        <Property>
          <Key>RuleID</Key>
          <Value>AVOID_USING_1_MINUS_X_DIV_Y_SYNTAX_CALC_COLUMN</Value>
        </Property>
      </Properties>
    </UnitTest>
    <UnitTest name="[DAX Expressions] Avoid using the IFERROR function" id="5">
      <Properties>
        <Property>
          <Key>Description</Key>
          <Value>Avoid using the IFERROR function as it may cause performance degradation. If you are concerned about a divide-by-zero error, use the DIVIDE function as it naturally resolves such errors as blank (or you can customize what should be shown in case of such an error).
Reference: https://www.elegantbi.com/post/top10bestpractices</Value>
        </Property>
        <Property>
          <Key>Severity</Key>
          <Value>1</Value>
        </Property>
        <Property>
          <Key>Category</Key>
          <Value>DAX Expressions</Value>
        </Property>
        <Property>
          <Key>RuleID</Key>
          <Value>AVOID_USING_THE_IFERROR_FUNCTION</Value>
        </Property>
      </Properties>
    </UnitTest>
    <UnitTest name="[DAX Expressions] Column references should be fully qualified" id="6">
      <Properties>
        <Property>
          <Key>Description</Key>
          <Value>Using fully qualified column references makes it easier to distinguish between column and measure references, and also helps avoid certain errors. When referencing a column in DAX, first specify the table name, then specify the column name in square brackets.
Reference: https://www.elegantbi.com/post/top10bestpractices</Value>
        </Property>
        <Property>
          <Key>Severity</Key>
          <Value>1</Value>
        </Property>
        <Property>
          <Key>Category</Key>
          <Value>DAX Expressions</Value>
        </Property>
        <Property>
          <Key>RuleID</Key>
          <Value>DAX_COLUMNS_FULLY_QUALIFIED</Value>
        </Property>
      </Properties>
    </UnitTest>
    <UnitTest name="[DAX Expressions] Filter column values with proper syntax" id="7">
      <Properties>
        <Property>
          <Key>Description</Key>
          <Value>Instead of using this pattern FILTER('Table','Table'[Column]="Value") for the filter parameters of a CALCULATE or CALCULATETABLE function, use one of the options below. As far as whether to use the KEEPFILTERS function, see the second reference link below.

Option 1: KEEPFILTERS('Table'[Column]="Value")
Option 2: 'Table'[Column]="Value"

Reference: https://docs.microsoft.com/power-bi/guidance/dax-avoid-avoid-filter-as-filter-argument
Reference: https://www.sqlbi.com/articles/using-keepfilters-in-dax/</Value>
        </Property>
        <Property>
          <Key>Severity</Key>
          <Value>1</Value>
        </Property>
        <Property>
          <Key>Category</Key>
          <Value>DAX Expressions</Value>
        </Property>
        <Property>
          <Key>RuleID</Key>
          <Value>FILTER_COLUMN_VALUES</Value>
        </Property>
      </Properties>
    </UnitTest>
    <UnitTest name="[DAX Expressions] Filter measure values by columns, not tables" id="8">
      <Properties>
        <Property>
          <Key>Description</Key>
          <Value>Instead of using this pattern FILTER('Table',[Measure]&gt;Value) for the filter parameters of a CALCULATE or CALCULATETABLE function, use one of the options below (if possible). Filtering on a specific column will produce a smaller table for the engine to process, thereby enabling faster performance. Using the VALUES function or the ALL function depends on the desired measure result.

Option 1: FILTER(VALUES('Table'[Column]),[Measure] &gt; Value)
Option 2: FILTER(ALL('Table'[Column]),[Measure] &gt; Value)

Reference: https://docs.microsoft.com/power-bi/guidance/dax-avoid-avoid-filter-as-filter-argument</Value>
        </Property>
        <Property>
          <Key>Severity</Key>
          <Value>1</Value>
        </Property>
        <Property>
          <Key>Category</Key>
          <Value>DAX Expressions</Value>
        </Property>
        <Property>
          <Key>RuleID</Key>
          <Value>FILTER_MEASURE_VALUES_BY_COLUMNS</Value>
        </Property>
      </Properties>
    </UnitTest>
    <UnitTest name="[DAX Expressions] Inactive relationships that are never activated" id="9">
      <Properties>
        <Property>
          <Key>Description</Key>
          <Value>Inactive relationships are activated using the USERELATIONSHIP function. If an inactive relationship is not referenced in any measure via this function, the relationship will not be used. It should be determined whether the relationship is not necessary or to activate the relationship via this method.

Reference: https://docs.microsoft.com/power-bi/guidance/relationships-active-inactive
Reference: https://dax.guide/userelationship/</Value>
        </Property>
        <Property>
          <Key>Severity</Key>
          <Value>1</Value>
        </Property>
        <Property>
          <Key>Category</Key>
          <Value>DAX Expressions</Value>
        </Property>
        <Property>
          <Key>RuleID</Key>
          <Value>INACTIVE_RELATIONSHIPS_THAT_ARE_NEVER_ACTIVATED</Value>
        </Property>
      </Properties>
    </UnitTest>
    <UnitTest name="[DAX Expressions] Measures should not be direct references of other measures" id="10">
      <Properties>
        <Property>
          <Key>Description</Key>
          <Value>This rule identifies measures which are simply a reference to another measure. As an example, consider a model with two measures: [MeasureA] and [MeasureB]. This rule would be triggered for MeasureB if MeasureB's DAX was MeasureB:=[MeasureA]. Such duplicative measures should be removed.</Value>
        </Property>
        <Property>
          <Key>Severity</Key>
          <Value>1</Value>
        </Property>
        <Property>
          <Key>Category</Key>
          <Value>DAX Expressions</Value>
        </Property>
        <Property>
          <Key>RuleID</Key>
          <Value>MEASURES_SHOULD_NOT_BE_DIRECT_REFERENCES_OF_OTHER_MEASURES</Value>
        </Property>
      </Properties>
    </UnitTest>
    <UnitTest name="[DAX Expressions] No two measures should have the same definition" id="11">
      <Properties>
        <Property>
          <Key>Description</Key>
          <Value>Two measures with different names and defined by the same DAX expression should be avoided to reduce redundancy.</Value>
        </Property>
        <Property>
          <Key>Severity</Key>
          <Value>1</Value>
        </Property>
        <Property>
          <Key>Category</Key>
          <Value>DAX Expressions</Value>
        </Property>
        <Property>
          <Key>RuleID</Key>
          <Value>AVOID_DUPLICATE_MEASURES</Value>
        </Property>
      </Properties>
    </UnitTest>
    <UnitTest name="[DAX Expressions] The EVALUATEANDLOG function should not be used in production models" id="12">
      <Properties>
        <Property>
          <Key>Description</Key>
          <Value>The EVALUATEANDLOG function is meant to be used only in development/test environments and should not be used in production models.

Reference: https://pbidax.wordpress.com/2022/08/16/introduce-the-dax-evaluateandlog-function/</Value>
        </Property>
        <Property>
          <Key>Severity</Key>
          <Value>1</Value>
        </Property>
        <Property>
          <Key>Category</Key>
          <Value>DAX Expressions</Value>
        </Property>
        <Property>
          <Key>RuleID</Key>
          <Value>EVALUATEANDLOG_SHOULD_NOT_BE_USED_IN_PRODUCTION_MODELS</Value>
        </Property>
      </Properties>
    </UnitTest>
    <UnitTest name="[DAX Expressions] Use the DIVIDE function for division" id="13">
      <Properties>
        <Property>
          <Key>Description</Key>
          <Value>Use the DIVIDE  function instead of using "/". The DIVIDE function resolves divide-by-zero cases. As such, it is recommended to use to avoid errors.

Reference: https://docs.microsoft.com/power-bi/guidance/dax-divide-function-operator</Value>
        </Property>
        <Property>
          <Key>Severity</Key>
          <Value>1</Value>
        </Property>
        <Property>
          <Key>Category</Key>
          <Value>DAX Expressions</Value>
        </Property>
        <Property>
          <Key>RuleID</Key>
          <Value>USE_THE_DIVIDE_FUNCTION_FOR_DIVISION</Value>
        </Property>
      </Properties>
    </UnitTest>
    <UnitTest name="[DAX Expressions] Use the TREATAS function instead of INTERSECT for virtual relationships" id="14">
      <Properties>
        <Property>
          <Key>Description</Key>
          <Value>The TREATAS function is more efficient and provides better performance than the INTERSECT function when used in virutal relationships.
Reference:  https://www.sqlbi.com/articles/propagate-filters-using-treatas-in-dax/</Value>
        </Property>
        <Property>
          <Key>Severity</Key>
          <Value>1</Value>
        </Property>
        <Property>
          <Key>Category</Key>
          <Value>DAX Expressions</Value>
        </Property>
        <Property>
          <Key>RuleID</Key>
          <Value>USE_THE_TREATAS_FUNCTION_INSTEAD_OF_INTERSECT</Value>
        </Property>
      </Properties>
    </UnitTest>
    <UnitTest name="[Error Prevention] Avoid invalid characters in descriptions" id="15">
      <Properties>
        <Property>
          <Key>Description</Key>
          <Value>This rule identifies if a description for a given object in your model (i.e. table/column/measure) which contains an invalid character. Invalid characters will cause an error when deploying the model (and failure to deploy). This rule has a fix expression which converts the invalid character into a space, resolving the issue.</Value>
        </Property>
        <Property>
          <Key>Severity</Key>
          <Value>1</Value>
        </Property>
        <Property>
          <Key>Category</Key>
          <Value>Error Prevention</Value>
        </Property>
        <Property>
          <Key>RuleID</Key>
          <Value>AVOID_INVALID_DESCRIPTION_CHARACTERS</Value>
        </Property>
      </Properties>
    </UnitTest>
    <UnitTest name="[Error Prevention] Avoid invalid characters in names" id="16">
      <Properties>
        <Property>
          <Key>Description</Key>
          <Value>This rule identifies if a name for a given object in your model (i.e. table/column/measure) which contains an invalid character. Invalid characters will cause an error when deploying the model (and failure to deploy). This rule has a fix expression which converts the invalid character into a space, resolving the issue.</Value>
        </Property>
        <Property>
          <Key>Severity</Key>
          <Value>1</Value>
        </Property>
        <Property>
          <Key>Category</Key>
          <Value>Error Prevention</Value>
        </Property>
        <Property>
          <Key>RuleID</Key>
          <Value>AVOID_INVALID_NAME_CHARACTERS</Value>
        </Property>
      </Properties>
    </UnitTest>
    <UnitTest name="[Error Prevention] Avoid structured data sources with provider partitions" id="17">
      <Properties>
        <Property>
          <Key>Description</Key>
          <Value>Power BI does not support provider (a.k.a. 'legacy') partitions which reference structured data sources. Partitions which reference structured data sources must use the M-language. Otherwise, 'provider' partitions must reference a 'provider' data source. This can be resolved by converting the structured data source into a provider data source (see 2nd reference link below).

Reference: https://docs.microsoft.com/power-bi/admin/service-premium-connect-tools#data-source-declaration
Reference: https://www.elegantbi.com/post/convertdatasources</Value>
        </Property>
        <Property>
          <Key>Severity</Key>
          <Value>1</Value>
        </Property>
        <Property>
          <Key>Category</Key>
          <Value>Error Prevention</Value>
        </Property>
        <Property>
          <Key>RuleID</Key>
          <Value>AVOID_STRUCTURED_DATA_SOURCES_WITH_PROVIDER_PARTITIONS</Value>
        </Property>
      </Properties>
    </UnitTest>
    <UnitTest name="[Error Prevention] Data columns must have a source column" id="18">
      <Properties>
        <Property>
          <Key>Description</Key>
          <Value>Data columns must have a source column. A data column without a source column will cause an error when processing the model.</Value>
        </Property>
        <Property>
          <Key>Severity</Key>
          <Value>1</Value>
        </Property>
        <Property>
          <Key>Category</Key>
          <Value>Error Prevention</Value>
        </Property>
        <Property>
          <Key>RuleID</Key>
          <Value>DATA_COLUMNS_MUST_HAVE_A_SOURCE_COLUMN</Value>
        </Property>
      </Properties>
    </UnitTest>
    <UnitTest name="[Error Prevention] Relationship columns should be of the same data type" id="19">
      <Properties>
        <Property>
          <Key>Description</Key>
          <Value>Columns used in a relationship should be of the same data type. Ideally, they will be of integer data type (see the related rule '[Formatting] Relationship columns should be of integer data type'). Having columns within a relationship which are of different data types may lead to various issues.</Value>
        </Property>
        <Property>
          <Key>Severity</Key>
          <Value>1</Value>
        </Property>
        <Property>
          <Key>Category</Key>
          <Value>Error Prevention</Value>
        </Property>
        <Property>
          <Key>RuleID</Key>
          <Value>RELATIONSHIP_COLUMNS_SAME_DATA_TYPE</Value>
        </Property>
      </Properties>
    </UnitTest>
    <UnitTest name="[Error Prevention] Set IsAvailableInMdx to true on necessary columns" id="20">
      <Properties>
        <Property>
          <Key>Description</Key>
          <Value>In order to avoid errors, ensure that attribute hierarchies are enabled if a column is used for sorting another column, used in a hierarchy, used in variations, or is sorted by another column.</Value>
        </Property>
        <Property>
          <Key>Severity</Key>
          <Value>1</Value>
        </Property>
        <Property>
          <Key>Category</Key>
          <Value>Error Prevention</Value>
        </Property>
        <Property>
          <Key>RuleID</Key>
          <Value>SET_ISAVAILABLEINMDX_TO_TRUE_ON_NECESSARY_COLUMNS</Value>
        </Property>
      </Properties>
    </UnitTest>
    <UnitTest name="[Formatting] Hide fact table columns" id="21">
      <Properties>
        <Property>
          <Key>Description</Key>
          <Value>It is a best practice to hide fact table columns that are used for aggregation in measures.</Value>
        </Property>
        <Property>
          <Key>Severity</Key>
          <Value>1</Value>
        </Property>
        <Property>
          <Key>Category</Key>
          <Value>Formatting</Value>
        </Property>
        <Property>
          <Key>RuleID</Key>
          <Value>HIDE_FACT_TABLE_COLUMNS</Value>
        </Property>
      </Properties>
    </UnitTest>
    <UnitTest name="[Formatting] Hide foreign keys" id="22">
      <Properties>
        <Property>
          <Key>Description</Key>
          <Value>Foreign keys should always be hidden.</Value>
        </Property>
        <Property>
          <Key>Severity</Key>
          <Value>1</Value>
        </Property>
        <Property>
          <Key>Category</Key>
          <Value>Formatting</Value>
        </Property>
        <Property>
          <Key>RuleID</Key>
          <Value>HIDE_FOREIGN_KEYS</Value>
        </Property>
      </Properties>
    </UnitTest>
    <UnitTest name="[Formatting] Objects should not start or end with a space" id="23">
      <Properties>
        <Property>
          <Key>Description</Key>
          <Value>Objects should not start or end with a space</Value>
        </Property>
        <Property>
          <Key>Severity</Key>
          <Value>1</Value>
        </Property>
        <Property>
          <Key>Category</Key>
          <Value>Formatting</Value>
        </Property>
        <Property>
          <Key>RuleID</Key>
          <Value>OBJECTS_SHOULD_NOT_START_OR_END_WITH_A_SPACE</Value>
        </Property>
      </Properties>
    </UnitTest>
    <UnitTest name="[Formatting] Percentage measures should be formatted with thousands separators and 1 decimal" id="24">
      <Properties>
        <Property>
          <Key>Description</Key>
          <Value>Measures that are percentages (either by name containing PERCENTAGE, PERCENT, PCT, % or by having % in format string) should be formatted with thousands separators and exactly 1 decimal place for consistency and readability.</Value>
        </Property>
        <Property>
          <Key>Severity</Key>
          <Value>1</Value>
        </Property>
        <Property>
          <Key>Category</Key>
          <Value>Formatting</Value>
        </Property>
        <Property>
          <Key>RuleID</Key>
          <Value>PERCENTAGE_FORMATTING</Value>
        </Property>
      </Properties>
    </UnitTest>
    <UnitTest name="[Formatting] Provide format string for &quot;Date&quot; columns" id="25">
      <Properties>
        <Property>
          <Key>Description</Key>
          <Value>Date columns should be formatted appropriately. Pure date columns should use "dd/mm/yyyy" format, while datetime columns (with time components) should use "dd/mm/yyyy hh:mm:ss" or similar time-inclusive formats.</Value>
        </Property>
        <Property>
          <Key>Severity</Key>
          <Value>1</Value>
        </Property>
        <Property>
          <Key>Category</Key>
          <Value>Formatting</Value>
        </Property>
        <Property>
          <Key>RuleID</Key>
          <Value>DATECOLUMN_FORMATSTRING</Value>
        </Property>
      </Properties>
    </UnitTest>
    <UnitTest name="[Formatting] Whole numbers should be formatted with thousands separators and no decimals" id="26">
      <Properties>
        <Property>
          <Key>Description</Key>
          <Value>Measures representing whole numbers should use the format '#,0' (thousands separators with no decimals) for consistency and readability. This excludes currency, percentage, price measures, date measures, and ratio/average measures which have their own specific formatting rules.</Value>
        </Property>
        <Property>
          <Key>Severity</Key>
          <Value>1</Value>
        </Property>
        <Property>
          <Key>Category</Key>
          <Value>Formatting</Value>
        </Property>
        <Property>
          <Key>RuleID</Key>
          <Value>INTEGER_FORMATTING</Value>
        </Property>
      </Properties>
    </UnitTest>
    <UnitTest name="[Formatting] Price measures should be formatted with thousands separators and decimals" id="27">
      <Properties>
        <Property>
          <Key>Description</Key>
          <Value>Measures representing prices should use the format '#,0.00' (thousands separators with 2 decimal places) for consistency and readability. This applies to measures with 'PRICE' in their name.</Value>
        </Property>
        <Property>
          <Key>Severity</Key>
          <Value>1</Value>
        </Property>
        <Property>
          <Key>Category</Key>
          <Value>Formatting</Value>
        </Property>
        <Property>
          <Key>RuleID</Key>
          <Value>PRICE_FORMATTING</Value>
        </Property>
      </Properties>
    </UnitTest>
    <UnitTest name="[Maintenance] First letter of objects must be capitalized" id="28">
      <Properties>
        <Property>
          <Key>Description</Key>
          <Value>First letters of objects must be capitalized</Value>
        </Property>
        <Property>
          <Key>Severity</Key>
          <Value>1</Value>
        </Property>
        <Property>
          <Key>Category</Key>
          <Value>Maintenance</Value>
        </Property>
        <Property>
          <Key>RuleID</Key>
          <Value>FIRST_LETTER_OF_OBJECTS_MUST_BE_CAPITALIZED</Value>
        </Property>
      </Properties>
    </UnitTest>
    <UnitTest name="[Maintenance] Object names must not contain special characters" id="29">
      <Properties>
        <Property>
          <Key>Description</Key>
          <Value>Tabs, line breaks, etc.</Value>
        </Property>
        <Property>
          <Key>Severity</Key>
          <Value>1</Value>
        </Property>
        <Property>
          <Key>Category</Key>
          <Value>Maintenance</Value>
        </Property>
        <Property>
          <Key>RuleID</Key>
          <Value>SPECIAL_CHARS_IN_OBJECT_NAMES</Value>
        </Property>
      </Properties>
    </UnitTest>
    <UnitTest name="[Maintenance] Trim object names" id="30">
      <Properties>
        <Property>
          <Key>Description</Key>
          <Value>Unintentionally leaving a trailing space in an object name is a common occurrence when copying/duplicating objects in Tabular Editor.</Value>
        </Property>
        <Property>
          <Key>Severity</Key>
          <Value>1</Value>
        </Property>
        <Property>
          <Key>Category</Key>
          <Value>Maintenance</Value>
        </Property>
        <Property>
          <Key>RuleID</Key>
          <Value>TRIM_OBJECT_NAMES</Value>
        </Property>
      </Properties>
    </UnitTest>
    <UnitTest name="[Performance] Avoid excessive bi-directional or many-to-many relationships" id="31">
      <Properties>
        <Property>
          <Key>Description</Key>
          <Value>Limit use of bi-directional and many-to-many relationships (excluding one-to-one relationships which often require bi-directional filtering by design). This rule flags the model if more than 30% of relationships are bi-directional or many-to-many.
Reference: https://www.sqlbi.com/articles/bidirectional-relationships-and-ambiguity-in-dax/</Value>
        </Property>
        <Property>
          <Key>Severity</Key>
          <Value>1</Value>
        </Property>
        <Property>
          <Key>Category</Key>
          <Value>Performance</Value>
        </Property>
        <Property>
          <Key>RuleID</Key>
          <Value>AVOID_EXCESSIVE_BI-DIRECTIONAL_OR_MANY-TO-MANY_RELATIONSHIPS</Value>
        </Property>
      </Properties>
    </UnitTest>
    <UnitTest name="[Performance] Date/calendar tables should be marked as a date table" id="32">
      <Properties>
        <Property>
          <Key>Description</Key>
          <Value>This rule looks for tables that contain the words 'date' or 'calendar' that should likely be marked as a date table, but only if the model doesn't already have at least one properly marked date table.
Reference: https://docs.microsoft.com/power-bi/transform-model/desktop-date-tables</Value>
        </Property>
        <Property>
          <Key>Severity</Key>
          <Value>1</Value>
        </Property>
        <Property>
          <Key>Category</Key>
          <Value>Performance</Value>
        </Property>
        <Property>
          <Key>RuleID</Key>
          <Value>DATE_CALENDAR_TABLES_SHOULD_BE_MARKED_AS_A_DATE_TABLE</Value>
        </Property>
      </Properties>
    </UnitTest>
    <UnitTest name="[Performance] Many-to-many relationships should be single-direction" id="33">
      <Properties>
        <Property>
          <Key>Description</Key>
          <Value>Many to many bi directional relationships are the worst sin you can commit in a model. Reference: https://www.sqlbi.com/articles/bidirectional-relationships-and-ambiguity-in-dax/</Value>
        </Property>
        <Property>
          <Key>Severity</Key>
          <Value>1</Value>
        </Property>
        <Property>
          <Key>Category</Key>
          <Value>Performance</Value>
        </Property>
        <Property>
          <Key>RuleID</Key>
          <Value>MANY_TO_MANY_RELATIONSHIPS_SHOULD_BE_SINGLE_DIRECTION</Value>
        </Property>
      </Properties>
    </UnitTest>
    <UnitTest name="[Performance] Avoid one-to-one relationships" id="34">
      <Properties>
        <Property>
          <Key>Description</Key>
          <Value>One-to-one relationships should generally be avoided as they often indicate a design issue where tables could be merged or the relationship is unnecessary. Consider consolidating the tables into a single table or reviewing the data model design. If a one-to-one relationship is truly necessary, ensure it's properly documented and justified.
Reference: https://docs.microsoft.com/power-bi/guidance/relationships-one-to-one</Value>
        </Property>
        <Property>
          <Key>Severity</Key>
          <Value>1</Value>
        </Property>
        <Property>
          <Key>Category</Key>
          <Value>Performance</Value>
        </Property>
        <Property>
          <Key>RuleID</Key>
          <Value>AVOID_ONE_TO_ONE_RELATIONSHIPS</Value>
        </Property>
      </Properties>
    </UnitTest>
    <UnitTest name="[Formatting] Do not summarize numeric columns" id="35">
      <Properties>
        <Property>
          <Key>Description</Key>
          <Value>Numeric columns (integer, decimal, double) should have their SummarizeBy property set to "None" to avoid accidental summation in Power BI (create measures instead).</Value>
        </Property>
        <Property>
          <Key>Severity</Key>
          <Value>1</Value>
        </Property>
        <Property>
          <Key>Category</Key>
          <Value>Formatting</Value>
        </Property>
        <Property>
          <Key>RuleID</Key>
          <Value>NUMERIC_COLUMN_SUMMARIZE_BY</Value>
        </Property>
      </Properties>
    </UnitTest>
    <UnitTest name="[Formatting] Numeric columns missing a format string" id="36">
      <Properties>
        <Property>
          <Key>Description</Key>
          <Value>Numeric columns (Int64, Decimal, Double) should have a FormatString defined for clarity in reports. This rule flags visible numeric columns that do not have a format string.</Value>
        </Property>
        <Property>
          <Key>Severity</Key>
          <Value>1</Value>
        </Property>
        <Property>
          <Key>Category</Key>
          <Value>Formatting</Value>
        </Property>
        <Property>
          <Key>RuleID</Key>
          <Value>NUMERIC_COLUMNS_WITHOUT_FORMATSTRING</Value>
        </Property>
      </Properties>
    </UnitTest>
    <UnitTest name="[Performance] Do not use floating point data types" id="37">
      <Properties>
        <Property>
          <Key>Description</Key>
          <Value>The "Double" floating point data type should be avoided, as it can result in unpredictable roundoff errors and decreased performance in certain scenarios. Use "Int64" or "Decimal" where appropriate (but note that "Decimal" is limited to 4 digits after the decimal sign).</Value>
        </Property>
        <Property>
          <Key>Severity</Key>
          <Value>1</Value>
        </Property>
        <Property>
          <Key>Category</Key>
          <Value>Performance</Value>
        </Property>
        <Property>
          <Key>RuleID</Key>
          <Value>AVOID_FLOATING_POINT_DATA_TYPES</Value>
        </Property>
      </Properties>
    </UnitTest>
    <UnitTest name="[Performance] Minimize Power Query transformations" id="38">
      <Properties>
        <Property>
          <Key>Description</Key>
          <Value>Minimize Power Query transformations in order to improve model processing performance. It is a best practice to offload these transformations to the data warehouse if possible. Also, please check whether query folding is occurring within your model. Please reference the article below for more information on query folding. Note: Table.AddColumn and Table.Sort are excluded as they are commonly needed transformations.
Reference: https://docs.microsoft.com/power-query/power-query-folding</Value>
        </Property>
        <Property>
          <Key>Severity</Key>
          <Value>1</Value>
        </Property>
        <Property>
          <Key>Category</Key>
          <Value>Performance</Value>
        </Property>
        <Property>
          <Key>RuleID</Key>
          <Value>MINIMIZE_POWER_QUERY_TRANSFORMATIONS</Value>
        </Property>
      </Properties>
    </UnitTest>
    <UnitTest name="[Performance] Avoid using native queries" id="39">
      <Properties>
        <Property>
          <Key>Description</Key>
          <Value>Native queries using Value.NativeQuery can bypass query folding optimizations and may lead to performance issues. Consider restructuring the query to use standard Power Query functions when possible, or ensure the native query is optimized and necessary for the specific use case. Native queries can also make the model less portable and harder to maintain.
Reference: https://docs.microsoft.com/power-query/native-database-query</Value>
        </Property>
        <Property>
          <Key>Severity</Key>
          <Value>1</Value>
        </Property>
        <Property>
          <Key>Category</Key>
          <Value>Performance</Value>
        </Property>
        <Property>
          <Key>RuleID</Key>
          <Value>AVOID_NATIVE_QUERY_USAGE</Value>
        </Property>
      </Properties>
    </UnitTest>
    <UnitTest name="[Performance] Avoid merge operations in Power Query" id="40">
      <Properties>
        <Property>
          <Key>Description</Key>
          <Value>Merge operations in Power Query can be resource-intensive and may prevent query folding, leading to slower data refresh times. Consider performing joins at the data source level (SQL) when possible, or ensure that merge operations are necessary and optimized. Merge operations should be used judiciously and only when other alternatives are not viable.
Reference: https://docs.microsoft.com/power-query/merge-queries-overview</Value>
        </Property>
        <Property>
          <Key>Severity</Key>
          <Value>1</Value>
        </Property>
        <Property>
          <Key>Category</Key>
          <Value>Performance</Value>
        </Property>
        <Property>
          <Key>RuleID</Key>
          <Value>AVOID_MERGE_OPERATIONS</Value>
        </Property>
      </Properties>
    </UnitTest>
    <UnitTest name="[Performance] Model should have a date table" id="41">
      <Properties>
        <Property>
          <Key>Description</Key>
          <Value>Generally speaking, models should generally have a date table. Models that do not have a date table generally are not taking advantage of features such as time intelligence or may not have a properly structured architecture.</Value>
        </Property>
        <Property>
          <Key>Severity</Key>
          <Value>1</Value>
        </Property>
        <Property>
          <Key>Category</Key>
          <Value>Performance</Value>
        </Property>
        <Property>
          <Key>RuleID</Key>
          <Value>MODEL_SHOULD_HAVE_A_DATE_TABLE</Value>
        </Property>
      </Properties>
    </UnitTest>
    <UnitTest name="[Performance] Reduce number of calculated columns" id="42">
      <Properties>
        <Property>
          <Key>Description</Key>
          <Value>Calculated columns do not compress as well as data columns so they take up more memory. They also slow down processing times for both the table as well as process recalc. Offload calculated column logic to your data warehouse and turn these calculated columns into data columns.
Reference: https://www.elegantbi.com/post/top10bestpractices</Value>
        </Property>
        <Property>
          <Key>Severity</Key>
          <Value>1</Value>
        </Property>
        <Property>
          <Key>Category</Key>
          <Value>Performance</Value>
        </Property>
        <Property>
          <Key>RuleID</Key>
          <Value>REDUCE_NUMBER_OF_CALCULATED_COLUMNS</Value>
        </Property>
      </Properties>
    </UnitTest>
    <UnitTest name="[Performance] Reduce usage of calculated columns that use the RELATED function" id="43">
      <Properties>
        <Property>
          <Key>Description</Key>
          <Value>Calculated columns do not compress as well as data columns and may cause longer processing times. As such, calculated columns should be avoided if possible. One scenario where they may be easier to avoid is if they use the RELATED function.
Reference: https://www.sqlbi.com/articles/storage-differences-between-calculated-columns-and-calculated-tables/</Value>
        </Property>
        <Property>
          <Key>Severity</Key>
          <Value>1</Value>
        </Property>
        <Property>
          <Key>Category</Key>
          <Value>Performance</Value>
        </Property>
        <Property>
          <Key>RuleID</Key>
          <Value>REDUCE_USAGE_OF_CALCULATED_COLUMNS_THAT_USE_THE_RELATED_FUNCTION</Value>
        </Property>
      </Properties>
    </UnitTest>
    <UnitTest name="[Performance] Remove auto-date table" id="44">
      <Properties>
        <Property>
          <Key>Description</Key>
          <Value>Avoid using auto-date tables. Make sure to turn off auto-date table in the settings in Power BI Desktop. This will save memory resources. 
Reference: https://www.youtube.com/watch?v=xu3uDEHtCrg</Value>
        </Property>
        <Property>
          <Key>Severity</Key>
          <Value>1</Value>
        </Property>
        <Property>
          <Key>Category</Key>
          <Value>Performance</Value>
        </Property>
        <Property>
          <Key>RuleID</Key>
          <Value>REMOVE_AUTO-DATE_TABLE</Value>
        </Property>
      </Properties>
    </UnitTest>
    <UnitTest name="[Performance] Set IsAvailableInMdx to false on non-attribute columns" id="45">
      <Properties>
        <Property>
          <Key>Description</Key>
          <Value>To speed up processing time and conserve memory after processing, attribute hierarchies should not be built for columns that are never used for slicing by MDX clients. In other words, all hidden columns that are not used as a Sort By Column or referenced in user hierarchies should have their IsAvailableInMdx property set to false.
Reference: https://blog.crossjoin.co.uk/2018/07/02/isavailableinmdx-ssas-tabular/</Value>
        </Property>
        <Property>
          <Key>Severity</Key>
          <Value>1</Value>
        </Property>
        <Property>
          <Key>Category</Key>
          <Value>Performance</Value>
        </Property>
        <Property>
          <Key>RuleID</Key>
          <Value>ISAVAILABLEINMDX_FALSE_NONATTRIBUTE_COLUMNS</Value>
        </Property>
      </Properties>
    </UnitTest>
    <UnitTest name="[Performance] Split date and time" id="46">
      <Properties>
        <Property>
          <Key>Description</Key>
          <Value>This rule finds datetime columns that have values not at midnight. To maximize performance, the time element should be split from date element (or the time component should be rounded to midnight as this will reduce column cardinality).
Reference: https://www.sqlbi.com/articles/separate-date-and-time-in-powerpivot-and-bism-tabular/</Value>
        </Property>
        <Property>
          <Key>Severity</Key>
          <Value>1</Value>
        </Property>
        <Property>
          <Key>Category</Key>
          <Value>Performance</Value>
        </Property>
        <Property>
          <Key>RuleID</Key>
          <Value>SPLIT_DATE_AND_TIME</Value>
        </Property>
      </Properties>
    </UnitTest>
    <UnitTest name="[Maintenance] Add calculated column descriptions" id="47">
      <Properties>
        <Property>
          <Key>Description</Key>
          <Value>Flags the model when more than 20percent of calculated columns have empty descriptions.</Value>
        </Property>
        <Property>
          <Key>Severity</Key>
          <Value>1</Value>
        </Property>
        <Property>
          <Key>Category</Key>
          <Value>Maintenance</Value>
        </Property>
        <Property>
          <Key>RuleID</Key>
          <Value>CALC_COLUMNS_WITH_NO_DESCRIPTIONS</Value>
        </Property>
      </Properties>
    </UnitTest>
    <UnitTest name="[Maintenance] Add measure descriptions" id="48">
      <Properties>
        <Property>
          <Key>Description</Key>
          <Value>Flags the model when more than 20 percent of measures have empty descriptions.</Value>
        </Property>
        <Property>
          <Key>Severity</Key>
          <Value>1</Value>
        </Property>
        <Property>
          <Key>Category</Key>
          <Value>Maintenance</Value>
        </Property>
        <Property>
          <Key>RuleID</Key>
          <Value>MEASURES_WITH_NO_DESCRIPTIONS</Value>
        </Property>
      </Properties>
    </UnitTest>
    <UnitTest name="[Maintenance] Visible tables with no description" id="49">
      <Properties>
        <Property>
          <Key>Description</Key>
          <Value>Add descriptions to tables. These descriptions are shown on hover within the Field List in Power BI Desktop.</Value>
        </Property>
        <Property>
          <Key>Severity</Key>
          <Value>1</Value>
        </Property>
        <Property>
          <Key>Category</Key>
          <Value>Maintenance</Value>
        </Property>
        <Property>
          <Key>RuleID</Key>
          <Value>TABLES_WITH_NO_DESCRIPTION</Value>
        </Property>
      </Properties>
    </UnitTest>
    <UnitTest name="[Maintenance] Remove data platform system columns" id="50">
      <Properties>
        <Property>
          <Key>Description</Key>
          <Value>Data platform system columns (__ModifiedTimestamp, __InsertedTimestamp, __DeletedFlag, __AttrHash) should be removed from the model as they are not needed for reporting and consume unnecessary memory.</Value>
        </Property>
        <Property>
          <Key>Severity</Key>
          <Value>1</Value>
        </Property>
        <Property>
          <Key>Category</Key>
          <Value>Maintenance</Value>
        </Property>
        <Property>
          <Key>RuleID</Key>
          <Value>REMOVE_DATA_PLATFORM_SYSTEM_COLUMNS</Value>
        </Property>
      </Properties>
    </UnitTest>
    <UnitTest name="[Maintenance] Remove unused link fields" id="51">
      <Properties>
        <Property>
          <Key>Description</Key>
          <Value>Data system link fields (columns ending with '_Link') that are not used in relationships should be removed from the model as they consume unnecessary memory and are not needed for reporting.</Value>
        </Property>
        <Property>
          <Key>Severity</Key>
          <Value>1</Value>
        </Property>
        <Property>
          <Key>Category</Key>
          <Value>Maintenance</Value>
        </Property>
        <Property>
          <Key>RuleID</Key>
          <Value>REMOVE_UNUSED_LINK_FIELDS</Value>
        </Property>
      </Properties>
    </UnitTest>
    <UnitTest name="[Maintenance] Add CICD_TagName parameter" id="52">
      <Properties>
        <Property>
          <Key>Description</Key>
          <Value>Flags the model when the mandatory shared expression (Power Query parameter) 'CICD_TagName' is not present.</Value>
        </Property>
        <Property>
          <Key>Severity</Key>
          <Value>1</Value>
        </Property>
        <Property>
          <Key>Category</Key>
          <Value>Maintenance</Value>
        </Property>
        <Property>
          <Key>RuleID</Key>
          <Value>MISSING_CICD_TAGNAME_PARAMETER</Value>
        </Property>
      </Properties>
    </UnitTest>
    <UnitTest name="[Maintenance] Hide access and security tables" id="53">
      <Properties>
        <Property>
          <Key>Description</Key>
          <Value>Tables containing 'Access' or 'Security' in their names should be hidden from end users as they typically contain sensitive security-related data that should not be exposed in reports.</Value>
        </Property>
        <Property>
          <Key>Severity</Key>
          <Value>1</Value>
        </Property>
        <Property>
          <Key>Category</Key>
          <Value>Maintenance</Value>
        </Property>
        <Property>
          <Key>RuleID</Key>
          <Value>HIDE_ACCESS_SECURITY_TABLES</Value>
        </Property>
      </Properties>
    </UnitTest>
    <UnitTest name="[Performance] Dimension tables should not have summarized columns" id="54">
      <Properties>
        <Property>
          <Key>Description</Key>
          <Value>Columns in dimension tables (tables starting with 'Dim') should not have their SummarizeBy property set to 'Sum' or 'Count' as dimension values should not be aggregated.</Value>
        </Property>
        <Property>
          <Key>Severity</Key>
          <Value>1</Value>
        </Property>
        <Property>
          <Key>Category</Key>
          <Value>Performance</Value>
        </Property>
        <Property>
          <Key>RuleID</Key>
          <Value>DIM_TABLES_NO_SUMMARIZATION</Value>
        </Property>
      </Properties>
    </UnitTest>
    <UnitTest name="[Maintenance] Dimension tables should have 'Dim' prefix" id="55">
      <Properties>
        <Property>
          <Key>Description</Key>
          <Value>Flags any visible table that sits on the ONE side of at least one relationship, never on the MANY side of any relationship, and is not an access or security table, when the name does not start with 'Dim'.</Value>
        </Property>
        <Property>
          <Key>Severity</Key>
          <Value>1</Value>
        </Property>
        <Property>
          <Key>Category</Key>
          <Value>Maintenance</Value>
        </Property>
        <Property>
          <Key>RuleID</Key>
          <Value>DIMENSION_TABLES_NAMING_CONVENTION</Value>
        </Property>
      </Properties>
    </UnitTest>
    <UnitTest name="[Maintenance] Measures must live in a measure table" id="56">
      <Properties>
        <Property>
          <Key>Description</Key>
          <Value>All measures should reside in tables whose names start with a '.' or '_' prefix. This keeps the field list tidy and makes the measure table easy to locate. Calculated tables are excluded from this rule.</Value>
        </Property>
        <Property>
          <Key>Severity</Key>
          <Value>1</Value>
        </Property>
        <Property>
          <Key>Category</Key>
          <Value>Maintenance</Value>
        </Property>
        <Property>
          <Key>RuleID</Key>
          <Value>MEASURES_IN_MEASURE_TABLE</Value>
        </Property>
      </Properties>
    </UnitTest>
    <UnitTest name="[Maintenance] Display folders required when table has many measures" id="57">
      <Properties>
        <Property>
          <Key>Description</Key>
          <Value>If a table contains more than ten visible measures, every visible measure in that table must be assigned to a DisplayFolder to keep the field list organised.</Value>
        </Property>
        <Property>
          <Key>Severity</Key>
          <Value>1</Value>
        </Property>
        <Property>
          <Key>Category</Key>
          <Value>Maintenance</Value>
        </Property>
        <Property>
          <Key>RuleID</Key>
          <Value>DISPLAY_FOLDER_MISSING_WHEN_MANY_MEASURES</Value>
        </Property>
      </Properties>
    </UnitTest>
    <UnitTest name="[Error Prevention] RangeStart and RangeEnd in M, EnableRefreshPolicy is false" id="58">
      <Properties>
        <Property>
          <Key>Description</Key>
          <Value>TE wrapper exposes EnableRefreshPolicy on the table. If it is false while M uses Range parameters, policy is likely missing.</Value>
        </Property>
        <Property>
          <Key>Severity</Key>
          <Value>3</Value>
        </Property>
        <Property>
          <Key>Category</Key>
          <Value>Error Prevention</Value>
        </Property>
        <Property>
          <Key>RuleID</Key>
          <Value>INCREMENTAL_REFRESH_POLICY_MISSING</Value>
        </Property>
      </Properties>
    </UnitTest>
    <UnitTest name="[Error Prevention] M must use valid RangeStart and RangeEnd operators" id="59">
      <Properties>
        <Property>
          <Key>Description</Key>
          <Value>Flags tables where M uses Range parameters but the operators are wrong. Valid patterns are: 1) "&gt;= RangeStart" and "&lt; RangeEnd" OR 2) "&gt; RangeStart" and "&lt;= RangeEnd". Using both inclusive operators ("&gt;=" and "&lt;=") will duplicate rows at partition boundaries. Both operators must be present.</Value>
        </Property>
        <Property>
          <Key>Severity</Key>
          <Value>3</Value>
        </Property>
        <Property>
          <Key>Category</Key>
          <Value>Error Prevention</Value>
        </Property>
        <Property>
          <Key>RuleID</Key>
          <Value>INCREMENTAL_REFRESH_RANGE_OPERATORS_INCORRECT</Value>
        </Property>
      </Properties>
    </UnitTest>
    <UnitTest name="[Formatting] Date-related fields should not be stored as Text" id="60">
      <Properties>
        <Property>
          <Key>Description</Key>
          <Value>Identifies columns with 'Date' in their names that are stored as String type instead of DateTime. These should typically be converted to proper DateTime data type for better performance, time intelligence functions, and sorting. Excludes Integer, Decimal, and Boolean data types.</Value>
        </Property>
        <Property>
          <Key>Severity</Key>
          <Value>2</Value>
        </Property>
        <Property>
          <Key>Category</Key>
          <Value>Data Types</Value>
        </Property>
        <Property>
          <Key>RuleID</Key>
          <Value>DATE_FIELDS_STORED_AS_TEXT</Value>
        </Property>
      </Properties>
    </UnitTest>
  </TestDefinitions>
  <TestLists>
    <TestList name="Best Practice Analysis" id="1" />
  </TestLists>
  <TestEntries>
    <TestEntry testId="2" executionId="6f88a69e-e2e7-4acb-80b4-7c7dca31d12b" testListId="1" />
    <TestEntry testId="3" executionId="55f22fc4-8531-406a-8723-00dde75335a6" testListId="1" />
    <TestEntry testId="4" executionId="5ca57dee-cf72-4481-bf0b-42acfc9adbd5" testListId="1" />
    <TestEntry testId="5" executionId="a1d06916-d944-47ec-aa04-90c859c49ed6" testListId="1" />
    <TestEntry testId="6" executionId="6379b44d-d1db-4df0-8b22-49d14656b4cf" testListId="1" />
    <TestEntry testId="7" executionId="84350e37-6edb-414f-ba1d-000f192e5e0e" testListId="1" />
    <TestEntry testId="8" executionId="dff1c271-92c3-4705-aef7-a8ee7f6baa7d" testListId="1" />
    <TestEntry testId="9" executionId="19ebd901-9f1e-401c-8c8f-0b9dde3452e3" testListId="1" />
    <TestEntry testId="10" executionId="21dc1833-8684-4883-a7a1-6ba2808ac595" testListId="1" />
    <TestEntry testId="11" executionId="61d2a57e-a237-4145-87e8-ddd60580f816" testListId="1" />
    <TestEntry testId="12" executionId="3e448fa2-d2dd-440d-9496-05a85276102d" testListId="1" />
    <TestEntry testId="13" executionId="b21f714c-3daa-4d56-8dda-397fc45e644e" testListId="1" />
    <TestEntry testId="14" executionId="7940a711-1699-447d-b53f-877395a69807" testListId="1" />
    <TestEntry testId="15" executionId="29604208-4148-45c2-ac59-80814cce8c92" testListId="1" />
    <TestEntry testId="16" executionId="98dc406c-e10a-471e-a579-90e181d8ef7e" testListId="1" />
    <TestEntry testId="17" executionId="6410b059-2b1a-4868-8d9a-581db7cb9c63" testListId="1" />
    <TestEntry testId="18" executionId="6b5bc056-e468-4474-aa7e-8bea5ba2cf29" testListId="1" />
    <TestEntry testId="19" executionId="3db37162-27b0-42e0-82f0-5a60b5678ca7" testListId="1" />
    <TestEntry testId="20" executionId="09bf5d1b-b087-4909-a99d-f1f50eb8fdab" testListId="1" />
    <TestEntry testId="21" executionId="f3482c68-2433-4a2a-8d1c-8a39c477b41c" testListId="1" />
    <TestEntry testId="22" executionId="45a4937e-28b6-41f8-907b-458568839863" testListId="1" />
    <TestEntry testId="23" executionId="6c8633ae-f650-4974-b540-013fef4fce0c" testListId="1" />
    <TestEntry testId="24" executionId="508b87f9-3977-4953-b14d-70bc508d759a" testListId="1" />
    <TestEntry testId="25" executionId="d2871764-16b5-4728-9736-8d5aa71141bb" testListId="1" />
    <TestEntry testId="26" executionId="d8982399-a67f-43b5-ad39-1433c3bdc298" testListId="1" />
    <TestEntry testId="27" executionId="576f40f5-4d48-4758-abf2-cb707f00a67d" testListId="1" />
    <TestEntry testId="28" executionId="a26503e7-5743-402d-a243-7eee6ac74145" testListId="1" />
    <TestEntry testId="29" executionId="c9c79494-5532-47c7-b8b2-ae7fb4d8b452" testListId="1" />
    <TestEntry testId="30" executionId="0e449ecc-185d-4d96-bf69-d0706d35b901" testListId="1" />
    <TestEntry testId="31" executionId="d9863f45-b529-4fd3-bcca-be1248538901" testListId="1" />
    <TestEntry testId="32" executionId="8d8d4d15-9352-4dc4-b44c-7b040c29be7c" testListId="1" />
    <TestEntry testId="33" executionId="97046354-7b85-4e45-b554-a1c13d1284b9" testListId="1" />
    <TestEntry testId="34" executionId="882f6096-ec51-4846-a398-a8d1345e50b4" testListId="1" />
    <TestEntry testId="35" executionId="80f05df6-d49b-4af7-a278-4a03b97e57e4" testListId="1" />
    <TestEntry testId="36" executionId="c7bb0156-bdd6-4cc3-968c-13eb8fcf32c2" testListId="1" />
    <TestEntry testId="37" executionId="3bfa27c9-e868-412d-9935-b7c68590ee78" testListId="1" />
    <TestEntry testId="38" executionId="05ed7cf4-83fc-44b8-a7c7-8e8f08f199dd" testListId="1" />
    <TestEntry testId="39" executionId="073ba285-e9da-4b4a-8e28-ce00f45dff08" testListId="1" />
    <TestEntry testId="40" executionId="3e5b1ff6-4a2c-4e5e-b538-1ab5b98f4d4f" testListId="1" />
    <TestEntry testId="41" executionId="d85d2e79-9e28-4fcd-822e-404d80112441" testListId="1" />
    <TestEntry testId="42" executionId="06d6b6c3-973b-49eb-8719-4925946989d8" testListId="1" />
    <TestEntry testId="43" executionId="dde3b3e7-849d-4544-8a52-12e696958aa5" testListId="1" />
    <TestEntry testId="44" executionId="e930079f-4ed7-4183-b229-49c5cf5ba920" testListId="1" />
    <TestEntry testId="45" executionId="202bcea0-2047-41ed-80ce-34ec5b208d01" testListId="1" />
    <TestEntry testId="46" executionId="4e69bd47-07ff-4f4b-bf19-4f1f2cbe2a99" testListId="1" />
    <TestEntry testId="47" executionId="18fb0834-9445-4999-8e3d-e8c2182aede3" testListId="1" />
    <TestEntry testId="48" executionId="8699d4b5-8d14-4814-992a-d28545ffd5b8" testListId="1" />
    <TestEntry testId="49" executionId="2c669d09-37d5-4c80-a0d2-43c72f9be299" testListId="1" />
    <TestEntry testId="50" executionId="995226c4-2bd4-48b2-9b20-661cdedf12bb" testListId="1" />
    <TestEntry testId="51" executionId="ba00cde0-d7ab-4170-a250-a6c4e0257fb2" testListId="1" />
    <TestEntry testId="52" executionId="3d7b8e8f-f700-40c6-b159-4bc5d750a7ac" testListId="1" />
    <TestEntry testId="53" executionId="6969a250-2913-4a3a-870e-9b8b1bf3ee3c" testListId="1" />
    <TestEntry testId="54" executionId="439813f3-8a0f-49a6-ba70-5450a390b7cd" testListId="1" />
    <TestEntry testId="55" executionId="e20ebc5a-cb9b-47fa-9c46-be153378b515" testListId="1" />
    <TestEntry testId="56" executionId="7a2387d9-275c-48d8-a99b-5a71c021b8a1" testListId="1" />
    <TestEntry testId="57" executionId="9f9a0595-2f5f-4c9e-ad11-1a7c91786b86" testListId="1" />
    <TestEntry testId="58" executionId="623e0e45-a92b-4f73-a7a9-2314b5123dc3" testListId="1" />
    <TestEntry testId="59" executionId="365e9688-79bc-4098-a232-506ec2a412b0" testListId="1" />
    <TestEntry testId="60" executionId="075bc83e-5126-4cb8-86d4-659cf339c048" testListId="1" />
  </TestEntries>
  <Results>
    <UnitTestResult executionId="6f88a69e-e2e7-4acb-80b4-7c7dca31d12b" testId="2" testName="[Error Prevention] Expression-reliant objects must have an expression" testType="unitTest" testListId="1" outcome="Passed">
      <Output />
    </UnitTestResult>
    <UnitTestResult executionId="55f22fc4-8531-406a-8723-00dde75335a6" testId="3" testName="[DAX Expressions] Avoid using '1-(x/y)' syntax" testType="unitTest" testListId="1" outcome="Passed">
      <Output />
    </UnitTestResult>
    <UnitTestResult executionId="5ca57dee-cf72-4481-bf0b-42acfc9adbd5" testId="4" testName="[DAX Expressions] Avoid using '1-(x/y)' syntax" testType="unitTest" testListId="1" outcome="Passed">
      <Output />
    </UnitTestResult>
    <UnitTestResult executionId="a1d06916-d944-47ec-aa04-90c859c49ed6" testId="5" testName="[DAX Expressions] Avoid using the IFERROR function" testType="unitTest" testListId="1" outcome="Passed">
      <Output />
    </UnitTestResult>
    <UnitTestResult executionId="6379b44d-d1db-4df0-8b22-49d14656b4cf" testId="6" testName="[DAX Expressions] Column references should be fully qualified" testType="unitTest" testListId="1" outcome="Passed">
      <Output />
    </UnitTestResult>
    <UnitTestResult executionId="84350e37-6edb-414f-ba1d-000f192e5e0e" testId="7" testName="[DAX Expressions] Filter column values with proper syntax" testType="unitTest" testListId="1" outcome="Failed">
      <Output>
        <ErrorInfo>
          <Message>2 object(s) in violation of rule</Message>
          <StackTrace>Objects in violation:
  [# Order Suspensions incl. Non Business Process Related] (Measure)
  [# e-Orders Touched incl. Non Business Process Related] (Measure)</StackTrace>
        </ErrorInfo>
      </Output>
    </UnitTestResult>
    <UnitTestResult executionId="dff1c271-92c3-4705-aef7-a8ee7f6baa7d" testId="8" testName="[DAX Expressions] Filter measure values by columns, not tables" testType="unitTest" testListId="1" outcome="Passed">
      <Output />
    </UnitTestResult>
    <UnitTestResult executionId="19ebd901-9f1e-401c-8c8f-0b9dde3452e3" testId="9" testName="[DAX Expressions] Inactive relationships that are never activated" testType="unitTest" testListId="1" outcome="Failed">
      <Output>
        <ErrorInfo>
          <Message>5 object(s) in violation of rule</Message>
          <StackTrace>Objects in violation:
  'Order Transactions'[Currency Code] --&gt; 'All Rates - Today'[CurrencyCode] (Relationship)
  'Back Order Transactions'[Currency Code] --&gt; 'All Rates - Today'[CurrencyCode] (Relationship)
  'Access Bridge Back Orders'[SalesChannelsAnalytics_BackOrderReducedFact_Link] &lt;--&gt; 'Back Order Transactions'[SalesChannelsAnalytics_BackOrderReducedFact_Link] (Relationship)
  'Access'[SalesChannelsAnalyticsAccessBridge_Link] &lt;--&gt; 'Access Bridge Back Orders'[SalesChannelsAnalyticsAccessBridge_Link] (Relationship)
  'Customer'[Entity] --&gt; 'Entity'[Entity] (Relationship)</StackTrace>
        </ErrorInfo>
      </Output>
    </UnitTestResult>
    <UnitTestResult executionId="21dc1833-8684-4883-a7a1-6ba2808ac595" testId="10" testName="[DAX Expressions] Measures should not be direct references of other measures" testType="unitTest" testListId="1" outcome="Passed">
      <Output />
    </UnitTestResult>
    <UnitTestResult executionId="61d2a57e-a237-4145-87e8-ddd60580f816" testId="11" testName="[DAX Expressions] No two measures should have the same definition" testType="unitTest" testListId="1" outcome="Passed">
      <Output />
    </UnitTestResult>
    <UnitTestResult executionId="3e448fa2-d2dd-440d-9496-05a85276102d" testId="12" testName="[DAX Expressions] The EVALUATEANDLOG function should not be used in production models" testType="unitTest" testListId="1" outcome="Passed">
      <Output />
    </UnitTestResult>
    <UnitTestResult executionId="b21f714c-3daa-4d56-8dda-397fc45e644e" testId="13" testName="[DAX Expressions] Use the DIVIDE function for division" testType="unitTest" testListId="1" outcome="Failed">
      <Output>
        <ErrorInfo>
          <Message>6 object(s) in violation of rule</Message>
          <StackTrace>Objects in violation:
  [Order Amount (All Rates)] (Measure)
  [Target % e-Order Lines] (Measure)
  [Target % Quote and Order Response] (Measure)
  [Target % Quote Line Conversion] (Measure)
  [Target Number of Proactive Follow Ups] (Measure)
  [Target % Service Level] (Measure)</StackTrace>
        </ErrorInfo>
      </Output>
    </UnitTestResult>
    <UnitTestResult executionId="7940a711-1699-447d-b53f-877395a69807" testId="14" testName="[DAX Expressions] Use the TREATAS function instead of INTERSECT for virtual relationships" testType="unitTest" testListId="1" outcome="Passed">
      <Output />
    </UnitTestResult>
    <UnitTestResult executionId="29604208-4148-45c2-ac59-80814cce8c92" testId="15" testName="[Error Prevention] Avoid invalid characters in descriptions" testType="unitTest" testListId="1" outcome="Passed">
      <Output />
    </UnitTestResult>
    <UnitTestResult executionId="98dc406c-e10a-471e-a579-90e181d8ef7e" testId="16" testName="[Error Prevention] Avoid invalid characters in names" testType="unitTest" testListId="1" outcome="Passed">
      <Output />
    </UnitTestResult>
    <UnitTestResult executionId="6410b059-2b1a-4868-8d9a-581db7cb9c63" testId="17" testName="[Error Prevention] Avoid structured data sources with provider partitions" testType="unitTest" testListId="1" outcome="Passed">
      <Output />
    </UnitTestResult>
    <UnitTestResult executionId="6b5bc056-e468-4474-aa7e-8bea5ba2cf29" testId="18" testName="[Error Prevention] Data columns must have a source column" testType="unitTest" testListId="1" outcome="Passed">
      <Output />
    </UnitTestResult>
    <UnitTestResult executionId="3db37162-27b0-42e0-82f0-5a60b5678ca7" testId="19" testName="[Error Prevention] Relationship columns should be of the same data type" testType="unitTest" testListId="1" outcome="Passed">
      <Output />
    </UnitTestResult>
    <UnitTestResult executionId="09bf5d1b-b087-4909-a99d-f1f50eb8fdab" testId="20" testName="[Error Prevention] Set IsAvailableInMdx to true on necessary columns" testType="unitTest" testListId="1" outcome="Passed">
      <Output />
    </UnitTestResult>
    <UnitTestResult executionId="f3482c68-2433-4a2a-8d1c-8a39c477b41c" testId="21" testName="[Formatting] Hide fact table columns" testType="unitTest" testListId="1" outcome="Passed">
      <Output />
    </UnitTestResult>
    <UnitTestResult executionId="45a4937e-28b6-41f8-907b-458568839863" testId="22" testName="[Formatting] Hide foreign keys" testType="unitTest" testListId="1" outcome="Failed">
      <Output>
        <ErrorInfo>
          <Message>13 object(s) in violation of rule</Message>
          <StackTrace>Objects in violation:
  'Equipment Current'[ProductModelStructure_Link] (Column)
  'Equipment Current'[Entity_Link] (Column)
  'Equipment Current'[Customer_Link] (Column)
  'Product Model Structure'[ProductModelStructure_Link] (Column)
  'Events'[Event Date] (Column)
  'Events'[List Created Date] (Column)
  'Users'[MIBP_User_Link] (Column)
  'Users'[Customer_Link] (Column)
  'Users'[Users Created Date] (Column)
  'Users'[Entity_Link] (Column)
  'User'[MIBP_User_Link] (Column)
  'Customers Fact'[Customer_Link] (Column)
  'Customers Fact'[Entity_Link] (Column)</StackTrace>
        </ErrorInfo>
      </Output>
    </UnitTestResult>
    <UnitTestResult executionId="6c8633ae-f650-4974-b540-013fef4fce0c" testId="23" testName="[Formatting] Objects should not start or end with a space" testType="unitTest" testListId="1" outcome="Passed">
      <Output />
    </UnitTestResult>
    <UnitTestResult executionId="508b87f9-3977-4953-b14d-70bc508d759a" testId="24" testName="[Formatting] Percentage measures should be formatted with thousands separators and 1 decimal" testType="unitTest" testListId="1" outcome="Passed">
      <Output />
    </UnitTestResult>
    <UnitTestResult executionId="d2871764-16b5-4728-9736-8d5aa71141bb" testId="25" testName="[Formatting] Provide format string for &quot;Date&quot; columns" testType="unitTest" testListId="1" outcome="Passed">
      <Output />
    </UnitTestResult>
    <UnitTestResult executionId="d8982399-a67f-43b5-ad39-1433c3bdc298" testId="26" testName="[Formatting] Whole numbers should be formatted with thousands separators and no decimals" testType="unitTest" testListId="1" outcome="Passed">
      <Output />
    </UnitTestResult>
    <UnitTestResult executionId="576f40f5-4d48-4758-abf2-cb707f00a67d" testId="27" testName="[Formatting] Price measures should be formatted with thousands separators and decimals" testType="unitTest" testListId="1" outcome="Failed">
      <Output>
        <ErrorInfo>
          <Message>2 object(s) in violation of rule</Message>
          <StackTrace>Objects in violation:
  [Event Base Price * Daily Rate] (Measure)
  [Total Base Price Converted] (Measure)</StackTrace>
        </ErrorInfo>
      </Output>
    </UnitTestResult>
    <UnitTestResult executionId="a26503e7-5743-402d-a243-7eee6ac74145" testId="28" testName="[Maintenance] First letter of objects must be capitalized" testType="unitTest" testListId="1" outcome="Failed">
      <Output>
        <ErrorInfo>
          <Message>1 object(s) in violation of rule</Message>
          <StackTrace>Objects in violation:
  [xx_FilterSlicer] (Measure)</StackTrace>
        </ErrorInfo>
      </Output>
    </UnitTestResult>
    <UnitTestResult executionId="c9c79494-5532-47c7-b8b2-ae7fb4d8b452" testId="29" testName="[Maintenance] Object names must not contain special characters" testType="unitTest" testListId="1" outcome="Passed">
      <Output />
    </UnitTestResult>
    <UnitTestResult executionId="0e449ecc-185d-4d96-bf69-d0706d35b901" testId="30" testName="[Maintenance] Trim object names" testType="unitTest" testListId="1" outcome="Passed">
      <Output />
    </UnitTestResult>
    <UnitTestResult executionId="d9863f45-b529-4fd3-bcca-be1248538901" testId="31" testName="[Performance] Avoid excessive bi-directional or many-to-many relationships" testType="unitTest" testListId="1" outcome="Passed">
      <Output />
    </UnitTestResult>
    <UnitTestResult executionId="8d8d4d15-9352-4dc4-b44c-7b040c29be7c" testId="32" testName="[Performance] Date/calendar tables should be marked as a date table" testType="unitTest" testListId="1" outcome="Failed">
      <Output>
        <ErrorInfo>
          <Message>1 object(s) in violation of rule</Message>
          <StackTrace>Objects in violation:
  'Date' (Table (Import))</StackTrace>
        </ErrorInfo>
      </Output>
    </UnitTestResult>
    <UnitTestResult executionId="97046354-7b85-4e45-b554-a1c13d1284b9" testId="33" testName="[Performance] Many-to-many relationships should be single-direction" testType="unitTest" testListId="1" outcome="Failed">
      <Output>
        <ErrorInfo>
          <Message>1 object(s) in violation of rule</Message>
          <StackTrace>Objects in violation:
  'Media Category'[Media_Link] &lt;--&gt; 'Equipment and Media'[Media_Link] (Relationship)</StackTrace>
        </ErrorInfo>
      </Output>
    </UnitTestResult>
    <UnitTestResult executionId="882f6096-ec51-4846-a398-a8d1345e50b4" testId="34" testName="[Performance] Avoid one-to-one relationships" testType="unitTest" testListId="1" outcome="Passed">
      <Output />
    </UnitTestResult>
    <UnitTestResult executionId="80f05df6-d49b-4af7-a278-4a03b97e57e4" testId="35" testName="[Formatting] Do not summarize numeric columns" testType="unitTest" testListId="1" outcome="Failed">
      <Output>
        <ErrorInfo>
          <Message>30 object(s) in violation of rule</Message>
          <StackTrace>Objects in violation:
  'Order Transactions'[Order Line Value] (Column)
  'Media'[Media Id] (Column)
  'Events'[EventQuantity] (Column)
  'Events'[EventBasePrice] (Column)
  'Events'[EventNetPrice] (Column)
  'User'[Status] (Column)
  'Salesforce Cases'[Quote Lead Time In Hrs] (Column)
  'Salesforce Cases'[Age] (Column)
  'Targets CSC'[Target E-Order Lines] (Column)
  'Targets CSC'[Target Quote Line Conversion] (Column)
  'Targets CSC'[Target Proactive Followups] (Column)
  'Targets CSC'[Target Service Level] (Column)
  'Targets CSC'[Target Order Quote Response] (Column)
  'Call Center'[Inbound Calls] (Column)
  'Call Center'[Answered Calls] (Column)
  'Call Center'[Abandoned Calls] (Column)
  'Call Center'[SL1] (Column)
  'Call Center'[SL2] (Column)
  'Call Center'[SL3] (Column)
  'All Rates - Today'[FixedRate] (Column)
  'All Rates - Today'[FixedRateEUR] (Column)
  'All Rates - Today'[FixedRateUSD] (Column)
  'Back Order Transactions'[Order Line Value] (Column)
  'Back Order Transactions'[Order Line Value Base] (Column)
  'Back Order Transactions'[Quantity Ordered] (Column)
  'Back Order Transactions'[Is Kit Item] (Column)
  'Back Order Transactions'[Order Line Number] (Column)
  'Back Order Transactions'[Outstanding Quantity] (Column)
  'Back Order Transactions'[Outstanding Line Value Base] (Column)
  'Back Order Transactions'[DaysOverdueToCommitDate] (Column)</StackTrace>
        </ErrorInfo>
      </Output>
    </UnitTestResult>
    <UnitTestResult executionId="c7bb0156-bdd6-4cc3-968c-13eb8fcf32c2" testId="36" testName="[Formatting] Numeric columns missing a format string" testType="unitTest" testListId="1" outcome="Failed">
      <Output>
        <ErrorInfo>
          <Message>18 object(s) in violation of rule</Message>
          <StackTrace>Objects in violation:
  'Order Transactions'[Order Line Number] (Column)
  'Order Transactions'[Order Line Value] (Column)
  'Events'[EventQuantity] (Column)
  'Events'[EventBasePrice] (Column)
  'Events'[EventNetPrice] (Column)
  'Targets CSC'[Target E-Order Lines] (Column)
  'Targets CSC'[Target Quote Line Conversion] (Column)
  'Targets CSC'[Target Proactive Followups] (Column)
  'Targets CSC'[Target Service Level] (Column)
  'Targets CSC'[Target Order Quote Response] (Column)
  'All Rates - Today'[FixedRate] (Column)
  'All Rates - Today'[FixedRateEUR] (Column)
  'All Rates - Today'[FixedRateUSD] (Column)
  'Back Order Transactions'[Order Line Value] (Column)
  'Back Order Transactions'[Order Line Value Base] (Column)
  'Back Order Transactions'[Quantity Ordered] (Column)
  'Back Order Transactions'[Order Line Number] (Column)
  'Back Order Transactions'[Outstanding Line Value Base] (Column)</StackTrace>
        </ErrorInfo>
      </Output>
    </UnitTestResult>
    <UnitTestResult executionId="3bfa27c9-e868-412d-9935-b7c68590ee78" testId="37" testName="[Performance] Do not use floating point data types" testType="unitTest" testListId="1" outcome="Passed">
      <Output />
    </UnitTestResult>
    <UnitTestResult executionId="05ed7cf4-83fc-44b8-a7c7-8e8f08f199dd" testId="38" testName="[Performance] Minimize Power Query transformations" testType="unitTest" testListId="1" outcome="Failed">
      <Output>
        <ErrorInfo>
          <Message>2 object(s) in violation of rule</Message>
          <StackTrace>Objects in violation:
  Order Transactions-8942d850-9015-49e3-ab30-0e050293664f (Partition (M - Import))
  Events - MyCOMPANY Source-de14f269-a0b0-46d1-a7a5-620c17b14fac (Partition (M - Import))</StackTrace>
        </ErrorInfo>
      </Output>
    </UnitTestResult>
    <UnitTestResult executionId="073ba285-e9da-4b4a-8e28-ce00f45dff08" testId="39" testName="[Performance] Avoid using native queries" testType="unitTest" testListId="1" outcome="Passed">
      <Output />
    </UnitTestResult>
    <UnitTestResult executionId="3e5b1ff6-4a2c-4e5e-b538-1ab5b98f4d4f" testId="40" testName="[Performance] Avoid merge operations in Power Query" testType="unitTest" testListId="1" outcome="Passed">
      <Output />
    </UnitTestResult>
    <UnitTestResult executionId="d85d2e79-9e28-4fcd-822e-404d80112441" testId="41" testName="[Performance] Model should have a date table" testType="unitTest" testListId="1" outcome="Failed">
      <Output>
        <ErrorInfo>
          <Message>1 object(s) in violation of rule</Message>
          <StackTrace>Objects in violation:
  Model (Model)</StackTrace>
        </ErrorInfo>
      </Output>
    </UnitTestResult>
    <UnitTestResult executionId="06d6b6c3-973b-49eb-8719-4925946989d8" testId="42" testName="[Performance] Reduce number of calculated columns" testType="unitTest" testListId="1" outcome="Failed">
      <Output>
        <ErrorInfo>
          <Message>1 object(s) in violation of rule</Message>
          <StackTrace>Objects in violation:
  Model (Model)</StackTrace>
        </ErrorInfo>
      </Output>
    </UnitTestResult>
    <UnitTestResult executionId="dde3b3e7-849d-4544-8a52-12e696958aa5" testId="43" testName="[Performance] Reduce usage of calculated columns that use the RELATED function" testType="unitTest" testListId="1" outcome="Passed">
      <Output />
    </UnitTestResult>
    <UnitTestResult executionId="e930079f-4ed7-4183-b229-49c5cf5ba920" testId="44" testName="[Performance] Remove auto-date table" testType="unitTest" testListId="1" outcome="Failed">
      <Output>
        <ErrorInfo>
          <Message>21 object(s) in violation of rule</Message>
          <StackTrace>Objects in violation:
  'DateTableTemplate_40c93dea-095e-4d31-851c-dcef79a875b4' (Calculated Table)
  'LocalDateTable_70644387-cfbe-4617-82a6-585d98f75fca' (Calculated Table)
  'LocalDateTable_c3fc845d-c5fb-48c6-93af-59a265dc34a6' (Calculated Table)
  'LocalDateTable_57f57bb7-2716-48df-8fcf-65fcd376d677' (Calculated Table)
  'LocalDateTable_da178a38-9a03-4583-9ef3-bde604c05e52' (Calculated Table)
  'LocalDateTable_ae305aab-69c2-4a84-9de2-22f4bc031a20' (Calculated Table)
  'LocalDateTable_a891e10d-3f93-4df9-8593-6e9a32165908' (Calculated Table)
  'LocalDateTable_40b80d06-fadd-4022-bc57-c8353177114e' (Calculated Table)
  'LocalDateTable_a9122a45-772a-4197-ae2d-864786033f8b' (Calculated Table)
  'LocalDateTable_920117b9-76c2-40ea-bbbd-f811f78c28b0' (Calculated Table)
  'LocalDateTable_03889dd6-815e-4fc5-8c2c-249cbe3574c2' (Calculated Table)
  'LocalDateTable_fcf047d9-1ce6-44ad-bdcd-581e6f57b484' (Calculated Table)
  'LocalDateTable_f6f0af6c-0f45-4819-9b82-ea3148f0364b' (Calculated Table)
  'LocalDateTable_1c498ef3-c7f8-4c46-ac01-d669e5f95893' (Calculated Table)
  'LocalDateTable_3a244270-6504-429b-a04c-58d7821c0cdc' (Calculated Table)
  'LocalDateTable_3ad55cbd-ace7-4761-ae2e-570eb4eaf9eb' (Calculated Table)
  'LocalDateTable_3e8806f8-d38c-4461-a49b-4b866dde2d69' (Calculated Table)
  'LocalDateTable_a7da9fc6-1551-4534-a7d8-1bbe2c403425' (Calculated Table)
  'LocalDateTable_f6668fb8-e599-4f74-9bee-23f7c9575ff5' (Calculated Table)
  'LocalDateTable_6e65dc58-d9b4-43a0-b0c8-7e54f21893ad' (Calculated Table)
  'LocalDateTable_73320cfb-e53f-4de1-99fc-b0c961b58854' (Calculated Table)</StackTrace>
        </ErrorInfo>
      </Output>
    </UnitTestResult>
    <UnitTestResult executionId="202bcea0-2047-41ed-80ce-34ec5b208d01" testId="45" testName="[Performance] Set IsAvailableInMdx to false on non-attribute columns" testType="unitTest" testListId="1" outcome="Failed">
      <Output>
        <ErrorInfo>
          <Message>55 object(s) in violation of rule</Message>
          <StackTrace>Objects in violation:
  'Order Transactions'[Currency Code] (Column)
  'Order Transactions'[Created Date] (Column)
  'Order Transactions'[Quote Converted Date] (Column)
  'Order Transactions'[Order Date] (Column)
  'Order Transactions'[SalesChannelsAnalytics_SalesOrderReducedFact_Link] (Column)
  'Date'[Date] (Column)
  'Entity'[Entity] (Column)
  'Customer'[Entity] (Column)
  'Order Suspensions'[Created Date] (Column)
  'Order Suspensions'[Customer_Link] (Column)
  'Equipment Information'[Global Equipment Id] (Column)
  'Equipment Information'[Installation Date] (Column)
  'Events'[Currency] (Column)
  'Events'[ExchangeRate_Link] (Column)
  'Events'[ExpectedDeliveryDate] (Column)
  'Users'[ProductModelStructure_Link] (Column)
  'Customers Fact'[ProductModelStructure_Link] (Column)
  'Salesforce Cases'[Salesforce_Case_Link] (Column)
  'Salesforce Cases'[Date] (Column)
  'Salesforce Cases'[Entity_Link] (Column)
  'Salesforce Cases'[Closed Date] (Column)
  'Salesforce Cases'[Created Date] (Column)
  'Salesforce Tasks'[Salesforce_Case_Link] (Column)
  'Salesforce Tasks'[Entity_Link] (Column)
  'Salesforce Tasks'[Activity Date] (Column)
  'Salesforce Tasks'[SalesChannelsAnalytics_SalesforceTaskReducedFact_Link] (Column)
  'Salesforce Tasks'[Created Date] (Column)
  'Salesforce Case'[Salesforce_Case_Link] (Column)
  'Targets CSC'[Entity_Link] (Column)
  'Targets CSC'[SalesChannelsAnalytics_TargetMappingCSCReducedFact_Link] (Column)
  'All Rates - Today'[__ModifiedTimestamp] (Column)
  'All Rates - Today'[__InsertedTimestamp] (Column)
  'Back Order Transactions'[Customer_Link] (Column)
  'Back Order Transactions'[Item_Link] (Column)
  'Back Order Transactions'[ProductStructure_Link] (Column)
  'Back Order Transactions'[Entity_Link] (Column)
  'Back Order Transactions'[OrderSource_Link] (Column)
  'Back Order Transactions'[ExchangeRate_Link] (Column)
  'Back Order Transactions'[SystemOrderDatetime] (Column)
  'Back Order Transactions'[Created Date] (Column)
  'Back Order Transactions'[Order Date] (Column)
  'Back Order Transactions'[Currency Code] (Column)
  'Back Order Transactions'[SalesChannelsAnalytics_BackOrderReducedFact_Link] (Column)
  'Back Order Transactions'[Requested Date Orderline] (Column)
  'Back Order Transactions'[Requested Shipment Date] (Column)
  'Back Order Transactions'[Expected Date Order line] (Column)
  'Back Order Transactions'[Last Change Expected Date Orderline] (Column)
  'Back Order Transactions'[Previous Expected Date Orderline] (Column)
  'Back Order Transactions'[CommittedDateOrderline] (Column)
  'Access Bridge Back Orders'[__ModifiedTimestamp] (Column)
  'Access Bridge Back Orders'[SalesChannelsAnalytics_BackOrderReducedFact_Link] (Column)
  'Access Bridge Back Orders'[SalesChannelsAnalyticsAccessBridge_Link] (Column)
  'Access Bridge Back Orders'[__InsertedTimestamp] (Column)
  'Items'[Item_Link] (Column)
  'Media Equipment'[Media_Link] (Column)</StackTrace>
        </ErrorInfo>
      </Output>
    </UnitTestResult>
    <UnitTestResult executionId="4e69bd47-07ff-4f4b-bf19-4f1f2cbe2a99" testId="46" testName="[Performance] Split date and time" testType="unitTest" testListId="1" outcome="Passed">
      <Output />
    </UnitTestResult>
    <UnitTestResult executionId="18fb0834-9445-4999-8e3d-e8c2182aede3" testId="47" testName="[Maintenance] Add calculated column descriptions" testType="unitTest" testListId="1" outcome="Failed">
      <Output>
        <ErrorInfo>
          <Message>1 object(s) in violation of rule</Message>
          <StackTrace>Objects in violation:
  Model (Model)</StackTrace>
        </ErrorInfo>
      </Output>
    </UnitTestResult>
    <UnitTestResult executionId="8699d4b5-8d14-4814-992a-d28545ffd5b8" testId="48" testName="[Maintenance] Add measure descriptions" testType="unitTest" testListId="1" outcome="Failed">
      <Output>
        <ErrorInfo>
          <Message>1 object(s) in violation of rule</Message>
          <StackTrace>Objects in violation:
  Model (Model)</StackTrace>
        </ErrorInfo>
      </Output>
    </UnitTestResult>
    <UnitTestResult executionId="2c669d09-37d5-4c80-a0d2-43c72f9be299" testId="49" testName="[Maintenance] Visible tables with no description" testType="unitTest" testListId="1" outcome="Failed">
      <Output>
        <ErrorInfo>
          <Message>39 object(s) in violation of rule</Message>
          <StackTrace>Objects in violation:
  'Order Transactions' (Table (Import))
  '.Order Transactions' (Table (Import))
  'Date' (Table (Import))
  'Entity' (Table (Import))
  'Order Source' (Table (Import))
  'Customer' (Table (Import))
  'Product Account Structure' (Table (Import))
  'Order Suspensions' (Table (Import))
  '.Order Suspensions' (Table (Import))
  'Order' (Table (Import))
  'Media' (Table (Import))
  'Equipment and Media' (Table (Import))
  '.E-Manual' (Table (Import))
  'Equipment Current' (Table (Import))
  'Equipment Information' (Table (Import))
  'Equipment Status' (Table (Import))
  'Product Model Structure' (Table (Import))
  'Media Category' (Table (Import))
  'Events' (Table (Import))
  '.Events' (Table (Import))
  'List' (Table (Import))
  'Users' (Table (Import))
  '.Users' (Table (Import))
  'User' (Table (Import))
  'Customers Fact' (Table (Import))
  'Salesforce Cases' (Table (Import))
  '.CSC' (Table (Import))
  'Salesforce Tasks' (Table (Import))
  'Salesforce Case' (Table (Import))
  'Targets CSC' (Table (Import))
  'Call Center' (Table (Import))
  'All Rates - Today' (Table (Import))
  'Back Order Transactions' (Table (Import))
  'Items' (Table (Import))
  'Currency' (Table (Import))
  'Media Equipment' (Table (Import))
  'Summary_User_Status' (Calculated Table)
  'IsActiveCustomerSlicer' (Calculated Table)
  'IsOnboardedCustomerSlicer' (Calculated Table)</StackTrace>
        </ErrorInfo>
      </Output>
    </UnitTestResult>
    <UnitTestResult executionId="995226c4-2bd4-48b2-9b20-661cdedf12bb" testId="50" testName="[Maintenance] Remove data platform system columns" testType="unitTest" testListId="1" outcome="Failed">
      <Output>
        <ErrorInfo>
          <Message>5 object(s) in violation of rule</Message>
          <StackTrace>Objects in violation:
  'All Rates - Today'[__ModifiedTimestamp] (Column)
  'All Rates - Today'[__DeletedFlag] (Column)
  'All Rates - Today'[__InsertedTimestamp] (Column)
  'Access Bridge Back Orders'[__ModifiedTimestamp] (Column)
  'Access Bridge Back Orders'[__InsertedTimestamp] (Column)</StackTrace>
        </ErrorInfo>
      </Output>
    </UnitTestResult>
    <UnitTestResult executionId="ba00cde0-d7ab-4170-a250-a6c4e0257fb2" testId="51" testName="[Maintenance] Remove unused link fields" testType="unitTest" testListId="1" outcome="Failed">
      <Output>
        <ErrorInfo>
          <Message>14 object(s) in violation of rule</Message>
          <StackTrace>Objects in violation:
  'Order Suspensions'[AuroraCustomer_Link] (Column)
  'Order'[OrderSource_Link] (Column)
  'Equipment Current'[EquipmentInformation_Link] (Column)
  'Equipment Information'[EquipmentInformation_Link] (Column)
  'Access'[SalesChannelsAnalyticsAccess_Link] (Column)
  'Events - MyCOMPANY Source'[SalesOrder_Link] (Column)
  'Access Bridge Customers'[SalesChannelsAnalytics_CustomerReducedFact_Link] (Column)
  'Access Bridge Customers'[SalesChannelsAnalyticsAccessBridge_Link] (Column)
  'Customers Fact'[CompanyLevelCustomer_Link] (Column)
  'Customers Fact'[SalesChannelsAnalytics_CustomerReducedFact_Link] (Column)
  'Salesforce Tasks'[SalesforceTask_Link] (Column)
  'Salesforce Case'[Entity_Link] (Column)
  'All Rates - Today'[FixedRate_Link] (Column)
  'Back Order Transactions'[Stockroom_Link] (Column)</StackTrace>
        </ErrorInfo>
      </Output>
    </UnitTestResult>
    <UnitTestResult executionId="3d7b8e8f-f700-40c6-b159-4bc5d750a7ac" testId="52" testName="[Maintenance] Add CICD_TagName parameter" testType="unitTest" testListId="1" outcome="Failed">
      <Output>
        <ErrorInfo>
          <Message>1 object(s) in violation of rule</Message>
          <StackTrace>Objects in violation:
  Model (Model)</StackTrace>
        </ErrorInfo>
      </Output>
    </UnitTestResult>
    <UnitTestResult executionId="6969a250-2913-4a3a-870e-9b8b1bf3ee3c" testId="53" testName="[Maintenance] Hide access and security tables" testType="unitTest" testListId="1" outcome="Passed">
      <Output />
    </UnitTestResult>
    <UnitTestResult executionId="439813f3-8a0f-49a6-ba70-5450a390b7cd" testId="54" testName="[Performance] Dimension tables should not have summarized columns" testType="unitTest" testListId="1" outcome="Passed">
      <Output />
    </UnitTestResult>
    <UnitTestResult executionId="e20ebc5a-cb9b-47fa-9c46-be153378b515" testId="55" testName="[Maintenance] Dimension tables should have 'Dim' prefix" testType="unitTest" testListId="1" outcome="Failed">
      <Output>
        <ErrorInfo>
          <Message>10 object(s) in violation of rule</Message>
          <StackTrace>Objects in violation:
  'Entity' (Table (Import))
  'Order Source' (Table (Import))
  'Product Account Structure' (Table (Import))
  'Order' (Table (Import))
  'Equipment Status' (Table (Import))
  'Product Model Structure' (Table (Import))
  'List' (Table (Import))
  'User' (Table (Import))
  'Salesforce Case' (Table (Import))
  'Items' (Table (Import))</StackTrace>
        </ErrorInfo>
      </Output>
    </UnitTestResult>
    <UnitTestResult executionId="7a2387d9-275c-48d8-a99b-5a71c021b8a1" testId="56" testName="[Maintenance] Measures must live in a measure table" testType="unitTest" testListId="1" outcome="Failed">
      <Output>
        <ErrorInfo>
          <Message>2 object(s) in violation of rule</Message>
          <StackTrace>Objects in violation:
  [_FilterSlicer] (Measure)
  [# Critical Back Order Lines] (Measure)</StackTrace>
        </ErrorInfo>
      </Output>
    </UnitTestResult>
    <UnitTestResult executionId="9f9a0595-2f5f-4c9e-ad11-1a7c91786b86" testId="57" testName="[Maintenance] Display folders required when table has many measures" testType="unitTest" testListId="1" outcome="Failed">
      <Output>
        <ErrorInfo>
          <Message>147 object(s) in violation of rule</Message>
          <StackTrace>Objects in violation:
  [# Order Lines] (Measure)
  [# Quote Lines] (Measure)
  [# e-Order Lines] (Measure)
  [# Quote Lines Converted (Within 30 Days)] (Measure)
  [# Quote Lines Converted (Within 60 Days)] (Measure)
  [# Quote Lines Converted (Within Expiry Date)] (Measure)
  [% Quote Lines Converted (Within 30 Days)] (Measure)
  [% Quote Lines Converted (Within 60 Days)] (Measure)
  [% Quote Lines Converted (Within Expiry Date)] (Measure)
  [# Quote Lines Converted (Switch)] (Measure)
  [% Quote Lines Converted (Switch)] (Measure)
  [MyCOMPANY Order Amount (Fixed Rate)] (Measure)
  [MyCOMPANY Order Amount CrossSell (Fixed Rate)] (Measure)
  [MyCOMPANY Order Amount Documoto (Fixed Rate)] (Measure)
  [MyCOMPANY Order Amount Promotions (Fixed Rate)] (Measure)
  [MyCOMPANY Order Amount Kits (Fixed Rate)] (Measure)
  [MyCOMPANY Order Amount UpSell (Fixed Rate)] (Measure)
  [MyCOMPANY Order Amount Recommendations (Fixed Rate)] (Measure)
  [MyCOMPANY Order Amount QuickAdd (Fixed Rate)] (Measure)
  [MyCOMPANY Order Amount ProductSearch (Fixed Rate)] (Measure)
  [MyCOMPANY Order Amount Order (Fixed Rate)] (Measure)
  [MyCOMPANY Order Amount Quotation (Fixed Rate)] (Measure)
  [MyCOMPANY Order Amount Template (Fixed Rate)] (Measure)
  [Order Amount (Fixed Rate)] (Measure)
  [% e-Order Lines] (Measure)
  [Order Amount (Selected Rate)] (Measure)
  [# Back Order Lines] (Measure)
  [Order Amount (All Rates)] (Measure)
  [# Order Lines (Onboarding)] (Measure)
  [# Total Orders] (Measure)
  [# Total Quotes] (Measure)
  [# MIBP Orders] (Measure)
  [% MIBP Orders Lines] (Measure)
  [% MIBP Quotes] (Measure)
  [# MIBP Quotes] (Measure)
  [# Manual Order Lines] (Measure)
  [# Manual Quote Lines] (Measure)
  [# Direct Connect (Order Lines)] (Measure)
  [# Document Scanning (Order Lines)] (Measure)
  [% Direct Connect (Order Lines)] (Measure)
  [% Document Scanning (Order Lines)] (Measure)
  [% Manual Order Lines] (Measure)
  [% Manual Quote Lines] (Measure)
  [# Manual Orders] (Measure)
  [% Manual Orders] (Measure)
  [# Manual Quotes] (Measure)
  [% Manual Quotes] (Measure)
  [# e-Orders] (Measure)
  [% e-Orders] (Measure)
  [# Document Scanning (Orders)] (Measure)
  [# Direct Connect (Orders)] (Measure)
  [% Direct Connect (Orders)] (Measure)
  [% Document Scanning (Orders)] (Measure)
  [# Total Orders (Count)] (Measure)
  [# MIBP Order Lines] (Measure)
  [# MIBP Quotes Lines] (Measure)
  [% MIBP Quote Lines] (Measure)
  [% MIBP Orders] (Measure)
  [# Order Suspensions incl. Non Business Process Related] (Measure)
  [# e-Orders Touched incl. Non Business Process Related] (Measure)
  [# e-Orders Created] (Measure)
  [# e-Orders Touchless incl. Non Business Process Related] (Measure)
  [% Touchless incl. Non Business Process Related] (Measure)
  [# e-Orders Touched excl. Non Business Process Related] (Measure)
  [# e-Orders Touchless excl. Non Business Process Related] (Measure)
  [% Touchless excl. Non Business Process Related] (Measure)
  [# Order Suspensions excl. Non Business Process Related] (Measure)
  [# e-Orders Touched (Switch)] (Measure)
  [# e-Orders Touchless (Switch)] (Measure)
  [# Order Suspensions (Switch)] (Measure)
  [% Touchless (Switch)] (Measure)
  [% Touchless Target] (Measure)
  [# Events] (Measure)
  [# Page Views] (Measure)
  [# User Logins] (Measure)
  [# Events (excl. P&amp;A)] (Measure)
  [# Sessions] (Measure)
  [# Engaged Users] (Measure)
  [# P&amp;A Events] (Measure)
  [# Created Carts] (Measure)
  [# P&amp;A Events to Order] (Measure)
  [# P&amp;A Events to Quote] (Measure)
  [# P&amp;A Events to Order or Quote] (Measure)
  [% P&amp;A Events to Order] (Measure)
  [% P&amp;A Events to Quote] (Measure)
  [% P&amp;A Events to Order or Quote] (Measure)
  [# AddItemToList Events] (Measure)
  [# Created Carts to Quote] (Measure)
  [# Created Carts to Order] (Measure)
  [# Created Carts to Order or Quote] (Measure)
  [% Created Carts to Order] (Measure)
  [% Created Carts to Quote] (Measure)
  [% Created Carts to Order or Quote] (Measure)
  [# Events(Converted)] (Measure)
  [% Converted Events] (Measure)
  [# Customers] (Measure)
  [# Enquiry Events] (Measure)
  [Event Rate Measure (average)] (Measure)
  [Event Base Price * Daily Rate] (Measure)
  [Total Base Price Converted] (Measure)
  [# Active Customers (Switch)] (Measure)
  [# Onboarded Customers (Switch)] (Measure)
  [# Active Users] (Measure)
  [# Users] (Measure)
  [# Customers with Active Fleet] (Measure)
  [# Customers with Recent Orders] (Measure)
  [# Customers (Switch)] (Measure)
  [# Customers with Active Fleet or Recent Orders] (Measure)
  [# Onboarded Customers with Active Fleet] (Measure)
  [# Onboarded Customers with Active Fleet or Recent Orders] (Measure)
  [# Onboarded Customers with Recent Orders] (Measure)
  [# Active Customers with Active Fleet] (Measure)
  [# Active Customers with Active Fleet or Recent Orders] (Measure)
  [# Active Customers with Recent Orders] (Measure)
  [Equipment Division Check] (Measure)
  [Customer Calculation Check] (Measure)
  [# Onborded vs Active Users] (Measure)
  [# Users with Active Fleet] (Measure)
  [# Users with Recent Orders] (Measure)
  [# Users with Active Fleet or Recent Orders] (Measure)
  [# Users (Switch)] (Measure)
  [IsOnboardedCustomer] (Measure)
  [IsOnboardedCustomer_Filtered] (Measure)
  [IsActiveCustomer_Filtered] (Measure)
  [IsActiveCustomer] (Measure)
  [IsActiveFleetAvailable] (Measure)
  [DynamicSlicerFilter] (Measure)
  [IsRecentOrdersAvailable] (Measure)
  [IsActiveFleetOrRecentOrdersAvailable] (Measure)
  [ShowEquipmentDivision] (Measure)
  [xx_FilterSlicer] (Measure)
  [# Onboarded Users with Recent Orders] (Measure)
  [# Onboarded Users with Active Fleet or Recent Orders] (Measure)
  [# Onboarded Users with Active Fleet] (Measure)
  [# Onboarded Users] (Measure)
  [Quote and Order Cases Response Rate] (Measure)
  [Number of Quote and Order Cases Responded in Time] (Measure)
  [Number of Quote and Order Cases] (Measure)
  [Number of Proactive Follow Ups] (Measure)
  [Target % e-Order Lines] (Measure)
  [Target % Quote and Order Response] (Measure)
  [Target % Quote Line Conversion] (Measure)
  [Target Number of Proactive Follow Ups] (Measure)
  [Target % Service Level] (Measure)
  [Number of Calls SL1-2-3] (Measure)
  [Number of Inbound Calls] (Measure)
  [% Service Level] (Measure)</StackTrace>
        </ErrorInfo>
      </Output>
    </UnitTestResult>
    <UnitTestResult executionId="623e0e45-a92b-4f73-a7a9-2314b5123dc3" testId="58" testName="[Error Prevention] RangeStart and RangeEnd in M, EnableRefreshPolicy is false" testType="unitTest" testListId="1" outcome="Passed">
      <Output />
    </UnitTestResult>
    <UnitTestResult executionId="365e9688-79bc-4098-a232-506ec2a412b0" testId="59" testName="[Error Prevention] M must use valid RangeStart and RangeEnd operators" testType="unitTest" testListId="1" outcome="Passed">
      <Output />
    </UnitTestResult>
    <UnitTestResult executionId="075bc83e-5126-4cb8-86d4-659cf339c048" testId="60" testName="[Formatting] Date-related fields should not be stored as Text" testType="unitTest" testListId="1" outcome="Failed">
      <Output>
        <ErrorInfo>
          <Message>1 object(s) in violation of rule</Message>
          <StackTrace>Objects in violation:
  'Back Order Transactions'[Committed Date YYYYMM] (Column)</StackTrace>
        </ErrorInfo>
      </Output>
    </UnitTestResult>
  </Results>
</TestRun>